{"name":"Prueba a realizar - Validar lista desplegable del campo selecciona el producto","id":"simulador-de-ahorro-e-inversion;prueba-a-realizar---validar-lista-desplegable-del-campo-selecciona-el-producto","testSteps":[{"number":1,"description":"Given que Accenture Testing se encuentra en el formulario de Bancolombia simulador de ahorro","duration":37108,"startTime":"2019-02-01T09:40:41.033-05:00[America/Bogota]","screenshots":[{"screenshot":"d3233c03c9a45897d60f175fb04ab9be03755ffed83074ff50abe6922a1591b5.png","timeStamp":1549032041808},{"screenshot":"e28877703c78c454b03d442576e3e48c7c07f9c1dee3272daedeadb1b7cd0b52.png","timeStamp":1549032078140}],"result":"SUCCESS","precondition":false,"level":0,"children":[{"number":2,"description":"Open the browser page Bancolombia","duration":12964,"startTime":"2019-02-01T09:40:42.698-05:00[America/Bogota]","screenshots":[{"screenshot":"d3233c03c9a45897d60f175fb04ab9be03755ffed83074ff50abe6922a1591b5.png","timeStamp":1549032043176},{"screenshot":"b28ddba560852fe0d3894639af309e383a54bc32cd657c726501921b60e438bc.png","timeStamp":1549032055662}],"result":"SUCCESS","precondition":false,"level":1,"children":[{"number":3,"description":"Camila opens the Bancolombia home page","duration":12397,"startTime":"2019-02-01T09:40:43.247-05:00[America/Bogota]","screenshots":[{"screenshot":"d3233c03c9a45897d60f175fb04ab9be03755ffed83074ff50abe6922a1591b5.png","timeStamp":1549032043694},{"screenshot":"b28ddba560852fe0d3894639af309e383a54bc32cd657c726501921b60e438bc.png","timeStamp":1549032055643}],"result":"SUCCESS","precondition":false,"level":2}]},{"number":4,"description":"Page Simulator","duration":10008,"startTime":"2019-02-01T09:40:55.669-05:00[America/Bogota]","screenshots":[{"screenshot":"b28ddba560852fe0d3894639af309e383a54bc32cd657c726501921b60e438bc.png","timeStamp":1549032055674},{"screenshot":"578722083741ae4864cadc87170fd4c7b1d34eba9ab36068951603a016446e53.png","timeStamp":1549032065676}],"result":"SUCCESS","precondition":false,"level":1,"children":[{"number":5,"description":"Camila clicks on Select people","duration":9964,"startTime":"2019-02-01T09:40:55.706-05:00[America/Bogota]","screenshots":[{"screenshot":"b28ddba560852fe0d3894639af309e383a54bc32cd657c726501921b60e438bc.png","timeStamp":1549032058375},{"screenshot":"578722083741ae4864cadc87170fd4c7b1d34eba9ab36068951603a016446e53.png","timeStamp":1549032065670}],"result":"SUCCESS","precondition":false,"level":2}]},{"number":6,"description":"Page Simulator","duration":1279,"startTime":"2019-02-01T09:41:05.680-05:00[America/Bogota]","screenshots":[{"screenshot":"578722083741ae4864cadc87170fd4c7b1d34eba9ab36068951603a016446e53.png","timeStamp":1549032065684},{"screenshot":"e07b3085661f19380398f69c2946d063979c96dcceaa7de49a5bc7e25d92a728.png","timeStamp":1549032066958}],"result":"SUCCESS","precondition":false,"level":1,"children":[{"number":7,"description":"Camila clicks on Select need","duration":1258,"startTime":"2019-02-01T09:41:05.694-05:00[America/Bogota]","screenshots":[{"screenshot":"578722083741ae4864cadc87170fd4c7b1d34eba9ab36068951603a016446e53.png","timeStamp":1549032065699},{"screenshot":"e07b3085661f19380398f69c2946d063979c96dcceaa7de49a5bc7e25d92a728.png","timeStamp":1549032066952}],"result":"SUCCESS","precondition":false,"level":2}]},{"number":8,"description":"Page Simulator","duration":5626,"startTime":"2019-02-01T09:41:06.962-05:00[America/Bogota]","screenshots":[{"screenshot":"e07b3085661f19380398f69c2946d063979c96dcceaa7de49a5bc7e25d92a728.png","timeStamp":1549032066966},{"screenshot":"4205da97e7280b1ac2e3de972fffaee0042123dd6d812610dd88532ee0be8ae3.png","timeStamp":1549032072587}],"result":"SUCCESS","precondition":false,"level":1,"children":[{"number":9,"description":"Camila clicks on Carro o Moto","duration":5609,"startTime":"2019-02-01T09:41:06.973-05:00[America/Bogota]","screenshots":[{"screenshot":"e07b3085661f19380398f69c2946d063979c96dcceaa7de49a5bc7e25d92a728.png","timeStamp":1549032066978},{"screenshot":"4205da97e7280b1ac2e3de972fffaee0042123dd6d812610dd88532ee0be8ae3.png","timeStamp":1549032072582}],"result":"SUCCESS","precondition":false,"level":2}]},{"number":10,"description":"Page Simulator","duration":1604,"startTime":"2019-02-01T09:41:12.591-05:00[America/Bogota]","screenshots":[{"screenshot":"4205da97e7280b1ac2e3de972fffaee0042123dd6d812610dd88532ee0be8ae3.png","timeStamp":1549032072595},{"screenshot":"1fccceb793e22687ad447ca944d4e9fdcf3ebb1be68f8f672a5c235e9216a81b.png","timeStamp":1549032074195}],"result":"SUCCESS","precondition":false,"level":1,"children":[{"number":11,"description":"Camila clicks on Button simulator","duration":1586,"startTime":"2019-02-01T09:41:12.602-05:00[America/Bogota]","screenshots":[{"screenshot":"4205da97e7280b1ac2e3de972fffaee0042123dd6d812610dd88532ee0be8ae3.png","timeStamp":1549032072608},{"screenshot":"1fccceb793e22687ad447ca944d4e9fdcf3ebb1be68f8f672a5c235e9216a81b.png","timeStamp":1549032074187}],"result":"SUCCESS","precondition":false,"level":2}]},{"number":12,"description":"Camila tab","duration":3936,"startTime":"2019-02-01T09:41:14.199-05:00[America/Bogota]","screenshots":[{"screenshot":"1fccceb793e22687ad447ca944d4e9fdcf3ebb1be68f8f672a5c235e9216a81b.png","timeStamp":1549032074202},{"screenshot":"e28877703c78c454b03d442576e3e48c7c07f9c1dee3272daedeadb1b7cd0b52.png","timeStamp":1549032078135}],"result":"SUCCESS","precondition":false,"level":1}]},{"number":13,"description":"When camila quiere validar que al seleccionar un elemento en el campo para que quieres ahorrar pero saldra un error el cual \"Se espera un valor igual a 3\"","duration":1520,"startTime":"2019-02-01T09:41:18.142-05:00[America/Bogota]","screenshots":[{"screenshot":"91a10853eae14c4c530ad07c7d622a90dd1a0f3866300d47dfa17b97203f1d79.png","timeStamp":1549032079661}],"result":"SUCCESS","precondition":false,"level":0,"children":[{"number":14,"description":"Page Simulator","duration":1496,"startTime":"2019-02-01T09:41:18.161-05:00[America/Bogota]","screenshots":[{"screenshot":"91a10853eae14c4c530ad07c7d622a90dd1a0f3866300d47dfa17b97203f1d79.png","timeStamp":1549032079657}],"result":"SUCCESS","precondition":false,"level":1,"children":[{"number":15,"description":"Camila clicks on Select product","duration":1478,"startTime":"2019-02-01T09:41:18.174-05:00[America/Bogota]","screenshots":[{"screenshot":"91a10853eae14c4c530ad07c7d622a90dd1a0f3866300d47dfa17b97203f1d79.png","timeStamp":1549032079650}],"result":"SUCCESS","precondition":false,"level":2}]}]},{"number":16,"description":"Then elegir un elemento desde el archivo excel pero entonces saldra un error \u003cerrorMessage\u003e","duration":26511,"startTime":"2019-02-01T09:41:19.662-05:00[America/Bogota]","screenshots":[{"screenshot":"91a10853eae14c4c530ad07c7d622a90dd1a0f3866300d47dfa17b97203f1d79.png","timeStamp":1549032079665}],"exception":{"errorType":"java.lang.AssertionError","message":"Unable to locate element{\"method\"\"xpath\",\"selector\"\"//select[@name\u003d\u0027nmSelectAhorro\u0027]/option[text() \u003d\u0027Fiducuenta\u0027]\"}(Session infochrome\u003d71.0.3578.98)\nFor documentation on this error, please visit: https://www.seleniumhq.org/exceptions/no_such_element.html\nBuild info: version: \u00273.141.59\u0027, revision: \u0027e82be7d358\u0027, time: \u00272018-11-14T08:17:03\u0027\nSystem info: host: \u0027CPX-6IKEC8NIMJY\u0027, ip: \u0027175.33.2.110\u0027, os.name: \u0027Windows 10\u0027, os.arch: \u0027amd64\u0027, os.version: \u002710.0\u0027, java.version: \u00271.8.0_192\u0027\nDriver info: org.openqa.selenium.remote.RemoteWebDriver\nCapabilities {acceptInsecureCerts: false, acceptSslCerts: false, applicationCacheEnabled: false, browserConnectionEnabled: false, browserName: chrome, chrome: {chromedriverVersion: 2.43.600210 (68dcf5eebde371..., userDataDir: C:\\Users\\CAMILA~1.PER\\AppDa...}, cssSelectorsEnabled: true, databaseEnabled: false, goog:chromeOptions: {debuggerAddress: localhost:50429}, handlesAlerts: true, hasTouchScreen: false, javascriptEnabled: true, locationContextEnabled: true, mobileEmulationEnabled: false, nativeEvents: true, networkConnectionEnabled: false, pageLoadStrategy: normal, platform: XP, platformName: XP, rotatable: false, setWindowRect: true, takesHeapSnapshot: true, takesScreenshot: true, unhandledPromptBehavior: , version: 71.0.3578.98, webStorageEnabled: true}\nSession ID: 32446d246d0c0fe966ed00d66b50aeb0\n*** Element info: {Using\u003dxpath, value\u003d//select[@name\u003d\u0027nmSelectAhorro\u0027]/option[text() \u003d\u0027Fiducuenta\u0027]}\r\nUnable to locate element{\"method\"\"xpath\",\"selector\"\"//select[@name\u003d\u0027nmSelectAhorro\u0027]/option[text() \u003d\u0027Cuenta Ahorrador\u0027]\"}(Session infochrome\u003d71.0.3578.98)\nFor documentation on this error, please visit: https://www.seleniumhq.org/exceptions/no_such_element.html\nBuild info: version: \u00273.141.59\u0027, revision: \u0027e82be7d358\u0027, time: \u00272018-11-14T08:17:03\u0027\nSystem info: host: \u0027CPX-6IKEC8NIMJY\u0027, ip: \u0027175.33.2.110\u0027, os.name: \u0027Windows 10\u0027, os.arch: \u0027amd64\u0027, os.version: \u002710.0\u0027, java.version: \u00271.8.0_192\u0027\nDriver info: org.openqa.selenium.remote.RemoteWebDriver\nCapabilities {acceptInsecureCerts: false, acceptSslCerts: false, applicationCacheEnabled: false, browserConnectionEnabled: false, browserName: chrome, chrome: {chromedriverVersion: 2.43.600210 (68dcf5eebde371..., userDataDir: C:\\Users\\CAMILA~1.PER\\AppDa...}, cssSelectorsEnabled: true, databaseEnabled: false, goog:chromeOptions: {debuggerAddress: localhost:50429}, handlesAlerts: true, hasTouchScreen: false, javascriptEnabled: true, locationContextEnabled: true, mobileEmulationEnabled: false, nativeEvents: true, networkConnectionEnabled: false, pageLoadStrategy: normal, platform: XP, platformName: XP, rotatable: false, setWindowRect: true, takesHeapSnapshot: true, takesScreenshot: true, unhandledPromptBehavior: , version: 71.0.3578.98, webStorageEnabled: true}\nSession ID: 32446d246d0c0fe966ed00d66b50aeb0\n*** Element info: {Using\u003dxpath, value\u003d//select[@name\u003d\u0027nmSelectAhorro\u0027]/option[text() \u003d\u0027Cuenta Ahorrador\u0027]}\r\nEl siguiente mensaje contiene un error - \nExpected: a value equal to \u003c3\u003e\n     but: \u003c1\u003e was less than \u003c3\u003e","stackTrace":[{"declaringClass":"com.accenture.RetoBancolombiaScreenplayCucumber.stepDefinitions.BancolombiaStepDefinitions","methodName":"elegirUnElementoDesdeElArchivoExcel","fileName":"BancolombiaStepDefinitions.java","lineNumber":130},{"declaringClass":"âœ½","methodName":"elegir un elemento desde el archivo excel pero entonces saldra un error \u003cerrorMessage\u003e","fileName":"src/test/resources/features/Bancolombia.feature","lineNumber":28}]},"result":"FAILURE","precondition":false,"level":0,"children":[{"number":17,"description":"Then validate select should be a string containing \u0027Fiducuenta\u0027","duration":11411,"startTime":"2019-02-01T09:41:22.122-05:00[America/Bogota]","screenshots":[{"screenshot":"91a10853eae14c4c530ad07c7d622a90dd1a0f3866300d47dfa17b97203f1d79.png","htmlSource":"pagesource4169605555039986504.html.txt","timeStamp":1549032093517}],"exception":{"errorType":"org.openqa.selenium.NoSuchElementException","message":"Unable to locate element{\"method\"\"xpath\",\"selector\"\"//select[@name\u003d\u0027nmSelectAhorro\u0027]/option[text() \u003d\u0027Fiducuenta\u0027]\"}(Session infochrome\u003d71.0.3578.98)\nFor documentation on this error, please visit: https://www.seleniumhq.org/exceptions/no_such_element.html\nBuild info: version: \u00273.141.59\u0027, revision: \u0027e82be7d358\u0027, time: \u00272018-11-14T08:17:03\u0027\nSystem info: host: \u0027CPX-6IKEC8NIMJY\u0027, ip: \u0027175.33.2.110\u0027, os.name: \u0027Windows 10\u0027, os.arch: \u0027amd64\u0027, os.version: \u002710.0\u0027, java.version: \u00271.8.0_192\u0027\nDriver info: org.openqa.selenium.remote.RemoteWebDriver\nCapabilities {acceptInsecureCerts: false, acceptSslCerts: false, applicationCacheEnabled: false, browserConnectionEnabled: false, browserName: chrome, chrome: {chromedriverVersion: 2.43.600210 (68dcf5eebde371..., userDataDir: C:\\Users\\CAMILA~1.PER\\AppDa...}, cssSelectorsEnabled: true, databaseEnabled: false, goog:chromeOptions: {debuggerAddress: localhost:50429}, handlesAlerts: true, hasTouchScreen: false, javascriptEnabled: true, locationContextEnabled: true, mobileEmulationEnabled: false, nativeEvents: true, networkConnectionEnabled: false, pageLoadStrategy: normal, platform: XP, platformName: XP, rotatable: false, setWindowRect: true, takesHeapSnapshot: true, takesScreenshot: true, unhandledPromptBehavior: , version: 71.0.3578.98, webStorageEnabled: true}\nSession ID: 32446d246d0c0fe966ed00d66b50aeb0\n*** Element info: {Using\u003dxpath, value\u003d//select[@name\u003d\u0027nmSelectAhorro\u0027]/option[text() \u003d\u0027Fiducuenta\u0027]}","stackTrace":[{"declaringClass":"com.accenture.RetoBancolombiaScreenplayCucumber.questions.ValidateSelect","methodName":"answeredBy","fileName":"ValidateSelect.java","lineNumber":24},{"declaringClass":"com.accenture.RetoBancolombiaScreenplayCucumber.questions.ValidateSelect","methodName":"answeredBy","fileName":"ValidateSelect.java","lineNumber":1},{"declaringClass":"com.accenture.RetoBancolombiaScreenplayCucumber.stepDefinitions.BancolombiaStepDefinitions","methodName":"elegirUnElementoDesdeElArchivoExcel","fileName":"BancolombiaStepDefinitions.java","lineNumber":130},{"declaringClass":"cucumber.runner.Runner","methodName":"runPickle","fileName":"Runner.java","lineNumber":80},{"declaringClass":"org.eclipse.jdt.internal.junit4.runner.JUnit4TestReference","methodName":"run","fileName":"JUnit4TestReference.java","lineNumber":89},{"declaringClass":"org.eclipse.jdt.internal.junit.runner.TestExecution","methodName":"run","fileName":"TestExecution.java","lineNumber":41},{"declaringClass":"org.eclipse.jdt.internal.junit.runner.RemoteTestRunner","methodName":"runTests","fileName":"RemoteTestRunner.java","lineNumber":541},{"declaringClass":"org.eclipse.jdt.internal.junit.runner.RemoteTestRunner","methodName":"runTests","fileName":"RemoteTestRunner.java","lineNumber":763},{"declaringClass":"org.eclipse.jdt.internal.junit.runner.RemoteTestRunner","methodName":"run","fileName":"RemoteTestRunner.java","lineNumber":463},{"declaringClass":"org.eclipse.jdt.internal.junit.runner.RemoteTestRunner","methodName":"main","fileName":"RemoteTestRunner.java","lineNumber":209}]},"result":"ERROR","precondition":false,"level":1},{"number":18,"description":"Then validate select should be a string containing \u0027Cuenta Ahorrador\u0027","duration":11313,"startTime":"2019-02-01T09:41:33.537-05:00[America/Bogota]","screenshots":[{"screenshot":"91a10853eae14c4c530ad07c7d622a90dd1a0f3866300d47dfa17b97203f1d79.png","htmlSource":"pagesource1747254219229930625.html.txt","timeStamp":1549032104843}],"exception":{"errorType":"org.openqa.selenium.NoSuchElementException","message":"Unable to locate element{\"method\"\"xpath\",\"selector\"\"//select[@name\u003d\u0027nmSelectAhorro\u0027]/option[text() \u003d\u0027Cuenta Ahorrador\u0027]\"}(Session infochrome\u003d71.0.3578.98)\nFor documentation on this error, please visit: https://www.seleniumhq.org/exceptions/no_such_element.html\nBuild info: version: \u00273.141.59\u0027, revision: \u0027e82be7d358\u0027, time: \u00272018-11-14T08:17:03\u0027\nSystem info: host: \u0027CPX-6IKEC8NIMJY\u0027, ip: \u0027175.33.2.110\u0027, os.name: \u0027Windows 10\u0027, os.arch: \u0027amd64\u0027, os.version: \u002710.0\u0027, java.version: \u00271.8.0_192\u0027\nDriver info: org.openqa.selenium.remote.RemoteWebDriver\nCapabilities {acceptInsecureCerts: false, acceptSslCerts: false, applicationCacheEnabled: false, browserConnectionEnabled: false, browserName: chrome, chrome: {chromedriverVersion: 2.43.600210 (68dcf5eebde371..., userDataDir: C:\\Users\\CAMILA~1.PER\\AppDa...}, cssSelectorsEnabled: true, databaseEnabled: false, goog:chromeOptions: {debuggerAddress: localhost:50429}, handlesAlerts: true, hasTouchScreen: false, javascriptEnabled: true, locationContextEnabled: true, mobileEmulationEnabled: false, nativeEvents: true, networkConnectionEnabled: false, pageLoadStrategy: normal, platform: XP, platformName: XP, rotatable: false, setWindowRect: true, takesHeapSnapshot: true, takesScreenshot: true, unhandledPromptBehavior: , version: 71.0.3578.98, webStorageEnabled: true}\nSession ID: 32446d246d0c0fe966ed00d66b50aeb0\n*** Element info: {Using\u003dxpath, value\u003d//select[@name\u003d\u0027nmSelectAhorro\u0027]/option[text() \u003d\u0027Cuenta Ahorrador\u0027]}","stackTrace":[{"declaringClass":"com.accenture.RetoBancolombiaScreenplayCucumber.questions.ValidateSelect","methodName":"answeredBy","fileName":"ValidateSelect.java","lineNumber":24},{"declaringClass":"com.accenture.RetoBancolombiaScreenplayCucumber.questions.ValidateSelect","methodName":"answeredBy","fileName":"ValidateSelect.java","lineNumber":1},{"declaringClass":"com.accenture.RetoBancolombiaScreenplayCucumber.stepDefinitions.BancolombiaStepDefinitions","methodName":"elegirUnElementoDesdeElArchivoExcel","fileName":"BancolombiaStepDefinitions.java","lineNumber":130},{"declaringClass":"cucumber.runner.Runner","methodName":"runPickle","fileName":"Runner.java","lineNumber":80},{"declaringClass":"org.eclipse.jdt.internal.junit4.runner.JUnit4TestReference","methodName":"run","fileName":"JUnit4TestReference.java","lineNumber":89},{"declaringClass":"org.eclipse.jdt.internal.junit.runner.TestExecution","methodName":"run","fileName":"TestExecution.java","lineNumber":41},{"declaringClass":"org.eclipse.jdt.internal.junit.runner.RemoteTestRunner","methodName":"runTests","fileName":"RemoteTestRunner.java","lineNumber":541},{"declaringClass":"org.eclipse.jdt.internal.junit.runner.RemoteTestRunner","methodName":"runTests","fileName":"RemoteTestRunner.java","lineNumber":763},{"declaringClass":"org.eclipse.jdt.internal.junit.runner.RemoteTestRunner","methodName":"run","fileName":"RemoteTestRunner.java","lineNumber":463},{"declaringClass":"org.eclipse.jdt.internal.junit.runner.RemoteTestRunner","methodName":"main","fileName":"RemoteTestRunner.java","lineNumber":209}]},"result":"ERROR","precondition":false,"level":1},{"number":19,"description":"Then options product should be a value equal to (3)","duration":1301,"startTime":"2019-02-01T09:41:44.854-05:00[America/Bogota]","screenshots":[{"screenshot":"91a10853eae14c4c530ad07c7d622a90dd1a0f3866300d47dfa17b97203f1d79.png","htmlSource":"pagesource8604093410821944895.html.txt","timeStamp":1549032106150}],"exception":{"errorType":"com.accenture.RetoBancolombiaScreenplayCucumber.exceptions.MessageErrorPage","message":"El siguiente mensaje contiene un error - \nExpected: a value equal to \u003c3\u003e\n     but: \u003c1\u003e was less than \u003c3\u003e","stackTrace":[{"declaringClass":"com.accenture.RetoBancolombiaScreenplayCucumber.stepDefinitions.BancolombiaStepDefinitions","methodName":"elegirUnElementoDesdeElArchivoExcel","fileName":"BancolombiaStepDefinitions.java","lineNumber":130},{"declaringClass":"cucumber.runner.Runner","methodName":"runPickle","fileName":"Runner.java","lineNumber":80},{"declaringClass":"org.eclipse.jdt.internal.junit4.runner.JUnit4TestReference","methodName":"run","fileName":"JUnit4TestReference.java","lineNumber":89},{"declaringClass":"org.eclipse.jdt.internal.junit.runner.TestExecution","methodName":"run","fileName":"TestExecution.java","lineNumber":41},{"declaringClass":"org.eclipse.jdt.internal.junit.runner.RemoteTestRunner","methodName":"runTests","fileName":"RemoteTestRunner.java","lineNumber":541},{"declaringClass":"org.eclipse.jdt.internal.junit.runner.RemoteTestRunner","methodName":"runTests","fileName":"RemoteTestRunner.java","lineNumber":763},{"declaringClass":"org.eclipse.jdt.internal.junit.runner.RemoteTestRunner","methodName":"run","fileName":"RemoteTestRunner.java","lineNumber":463},{"declaringClass":"org.eclipse.jdt.internal.junit.runner.RemoteTestRunner","methodName":"main","fileName":"RemoteTestRunner.java","lineNumber":209}],"rootCause":{"errorType":"java.lang.AssertionError","message":"\nExpected: a value equal to \u003c3\u003e\n     but: \u003c1\u003e was less than \u003c3\u003e","stackTrace":[{"declaringClass":"com.accenture.RetoBancolombiaScreenplayCucumber.stepDefinitions.BancolombiaStepDefinitions","methodName":"elegirUnElementoDesdeElArchivoExcel","fileName":"BancolombiaStepDefinitions.java","lineNumber":130},{"declaringClass":"cucumber.runner.Runner","methodName":"runPickle","fileName":"Runner.java","lineNumber":80},{"declaringClass":"org.eclipse.jdt.internal.junit4.runner.JUnit4TestReference","methodName":"run","fileName":"JUnit4TestReference.java","lineNumber":89},{"declaringClass":"org.eclipse.jdt.internal.junit.runner.TestExecution","methodName":"run","fileName":"TestExecution.java","lineNumber":41},{"declaringClass":"org.eclipse.jdt.internal.junit.runner.RemoteTestRunner","methodName":"runTests","fileName":"RemoteTestRunner.java","lineNumber":541},{"declaringClass":"org.eclipse.jdt.internal.junit.runner.RemoteTestRunner","methodName":"runTests","fileName":"RemoteTestRunner.java","lineNumber":763},{"declaringClass":"org.eclipse.jdt.internal.junit.runner.RemoteTestRunner","methodName":"run","fileName":"RemoteTestRunner.java","lineNumber":463},{"declaringClass":"org.eclipse.jdt.internal.junit.runner.RemoteTestRunner","methodName":"main","fileName":"RemoteTestRunner.java","lineNumber":209}]}},"result":"FAILURE","precondition":false,"level":1}]}],"userStory":{"id":"simulador-de-ahorro-e-inversion","storyName":"Simulador de ahorro e inversion","path":"src/test/resources/features/Bancolombia.feature","narrative":" Como usuario\n Quiero ingresar en el formulario de ahorro e inversion\n Para validar que este funcionando correctamente","type":"feature"},"featureTag":{"name":"Features/Simulador de ahorro e inversion","type":"feature"},"title":"Prueba a realizar - Validar lista desplegable del campo selecciona el producto","backgroundTitle":"Abrir el navegador en la pagina grupo Bancolombia e ingresar en el formulario de simulador de ahorro","backgroundDescription":"","tags":[{"name":"Simulador de ahorro e inversion","type":"feature"},{"name":"Feature","type":"tag"},{"name":"Scenario4","type":"tag"}],"startTime":"2019-02-01T09:40:30.649-05:00[America/Bogota]","duration":75527,"testFailureCause":{"errorType":"org.openqa.selenium.NoSuchElementException","message":"Unable to locate element{\"method\"\"xpath\",\"selector\"\"//select[@name\u003d\u0027nmSelectAhorro\u0027]/option[text() \u003d\u0027Fiducuenta\u0027]\"}(Session infochrome\u003d71.0.3578.98)\nFor documentation on this error, please visit: https://www.seleniumhq.org/exceptions/no_such_element.html\nBuild info: version: \u00273.141.59\u0027, revision: \u0027e82be7d358\u0027, time: \u00272018-11-14T08:17:03\u0027\nSystem info: host: \u0027CPX-6IKEC8NIMJY\u0027, ip: \u0027175.33.2.110\u0027, os.name: \u0027Windows 10\u0027, os.arch: \u0027amd64\u0027, os.version: \u002710.0\u0027, java.version: \u00271.8.0_192\u0027\nDriver info: org.openqa.selenium.remote.RemoteWebDriver\nCapabilities {acceptInsecureCerts: false, acceptSslCerts: false, applicationCacheEnabled: false, browserConnectionEnabled: false, browserName: chrome, chrome: {chromedriverVersion: 2.43.600210 (68dcf5eebde371..., userDataDir: C:\\Users\\CAMILA~1.PER\\AppDa...}, cssSelectorsEnabled: true, databaseEnabled: false, goog:chromeOptions: {debuggerAddress: localhost:50429}, handlesAlerts: true, hasTouchScreen: false, javascriptEnabled: true, locationContextEnabled: true, mobileEmulationEnabled: false, nativeEvents: true, networkConnectionEnabled: false, pageLoadStrategy: normal, platform: XP, platformName: XP, rotatable: false, setWindowRect: true, takesHeapSnapshot: true, takesScreenshot: true, unhandledPromptBehavior: , version: 71.0.3578.98, webStorageEnabled: true}\nSession ID: 32446d246d0c0fe966ed00d66b50aeb0\n*** Element info: {Using\u003dxpath, value\u003d//select[@name\u003d\u0027nmSelectAhorro\u0027]/option[text() \u003d\u0027Fiducuenta\u0027]}","stackTrace":[{"declaringClass":"com.accenture.RetoBancolombiaScreenplayCucumber.questions.ValidateSelect","methodName":"answeredBy","fileName":"ValidateSelect.java","lineNumber":24},{"declaringClass":"com.accenture.RetoBancolombiaScreenplayCucumber.questions.ValidateSelect","methodName":"answeredBy","fileName":"ValidateSelect.java","lineNumber":1},{"declaringClass":"com.accenture.RetoBancolombiaScreenplayCucumber.stepDefinitions.BancolombiaStepDefinitions","methodName":"elegirUnElementoDesdeElArchivoExcel","fileName":"BancolombiaStepDefinitions.java","lineNumber":130},{"declaringClass":"cucumber.runner.Runner","methodName":"runPickle","fileName":"Runner.java","lineNumber":80},{"declaringClass":"org.eclipse.jdt.internal.junit4.runner.JUnit4TestReference","methodName":"run","fileName":"JUnit4TestReference.java","lineNumber":89},{"declaringClass":"org.eclipse.jdt.internal.junit.runner.TestExecution","methodName":"run","fileName":"TestExecution.java","lineNumber":41},{"declaringClass":"org.eclipse.jdt.internal.junit.runner.RemoteTestRunner","methodName":"runTests","fileName":"RemoteTestRunner.java","lineNumber":541},{"declaringClass":"org.eclipse.jdt.internal.junit.runner.RemoteTestRunner","methodName":"runTests","fileName":"RemoteTestRunner.java","lineNumber":763},{"declaringClass":"org.eclipse.jdt.internal.junit.runner.RemoteTestRunner","methodName":"run","fileName":"RemoteTestRunner.java","lineNumber":463},{"declaringClass":"org.eclipse.jdt.internal.junit.runner.RemoteTestRunner","methodName":"main","fileName":"RemoteTestRunner.java","lineNumber":209}]},"testFailureClassname":"org.openqa.selenium.NoSuchElementException","testFailureMessage":"Unable to locate element{\"method\"\"xpath\",\"selector\"\"//select[@name\u003d\u0027nmSelectAhorro\u0027]/option[text() \u003d\u0027Fiducuenta\u0027]\"}(Session infochrome\u003d71.0.3578.98)\nFor documentation on this error, please visit: https://www.seleniumhq.org/exceptions/no_such_element.html\nBuild info: version: \u00273.141.59\u0027, revision: \u0027e82be7d358\u0027, time: \u00272018-11-14T08:17:03\u0027\nSystem info: host: \u0027CPX-6IKEC8NIMJY\u0027, ip: \u0027175.33.2.110\u0027, os.name: \u0027Windows 10\u0027, os.arch: \u0027amd64\u0027, os.version: \u002710.0\u0027, java.version: \u00271.8.0_192\u0027\nDriver info: org.openqa.selenium.remote.RemoteWebDriver\nCapabilities {acceptInsecureCerts: false, acceptSslCerts: false, applicationCacheEnabled: false, browserConnectionEnabled: false, browserName: chrome, chrome: {chromedriverVersion: 2.43.600210 (68dcf5eebde371..., userDataDir: C:\\Users\\CAMILA~1.PER\\AppDa...}, cssSelectorsEnabled: true, databaseEnabled: false, goog:chromeOptions: {debuggerAddress: localhost:50429}, handlesAlerts: true, hasTouchScreen: false, javascriptEnabled: true, locationContextEnabled: true, mobileEmulationEnabled: false, nativeEvents: true, networkConnectionEnabled: false, pageLoadStrategy: normal, platform: XP, platformName: XP, rotatable: false, setWindowRect: true, takesHeapSnapshot: true, takesScreenshot: true, unhandledPromptBehavior: , version: 71.0.3578.98, webStorageEnabled: true}\nSession ID: 32446d246d0c0fe966ed00d66b50aeb0\n*** Element info: {Using\u003dxpath, value\u003d//select[@name\u003d\u0027nmSelectAhorro\u0027]/option[text() \u003d\u0027Fiducuenta\u0027]}","testFailureSummary":"ERROR;org.openqa.selenium.NoSuchElementException;Unable to locate element{\"method\"\"xpath\",\"selector\"\"//select[@name\u003d\u0027nmSelectAhorro\u0027]/option[text() \u003d\u0027Fiducuenta\u0027]\"}(Session infochrome\u003d71.0.3578.98)\nFor documentation on this error, please visit: https://www.seleniumhq.org/exceptions/no_such_element.html\nBuild info: version: \u00273.141.59\u0027, revision: \u0027e82be7d358\u0027, time: \u00272018-11-14T08:17:03\u0027\nSystem info: host: \u0027CPX-6IKEC8NIMJY\u0027, ip: \u0027175.33.2.110\u0027, os.name: \u0027Windows 10\u0027, os.arch: \u0027amd64\u0027, os.version: \u002710.0\u0027, java.version: \u00271.8.0_192\u0027\nDriver info: org.openqa.selenium.remote.RemoteWebDriver\nCapabilities {acceptInsecureCerts: false, acceptSslCerts: false, applicationCacheEnabled: false, browserConnectionEnabled: false, browserName: chrome, chrome: {chromedriverVersion: 2.43.600210 (68dcf5eebde371..., userDataDir: C:\\Users\\CAMILA~1.PER\\AppDa...}, cssSelectorsEnabled: true, databaseEnabled: false, goog:chromeOptions: {debuggerAddress: localhost:50429}, handlesAlerts: true, hasTouchScreen: false, javascriptEnabled: true, locationContextEnabled: true, mobileEmulationEnabled: false, nativeEvents: true, networkConnectionEnabled: false, pageLoadStrategy: normal, platform: XP, platformName: XP, rotatable: false, setWindowRect: true, takesHeapSnapshot: true, takesScreenshot: true, unhandledPromptBehavior: , version: 71.0.3578.98, webStorageEnabled: true}\nSession ID: 32446d246d0c0fe966ed00d66b50aeb0\n*** Element info: {Using\u003dxpath, value\u003d//select[@name\u003d\u0027nmSelectAhorro\u0027]/option[text() \u003d\u0027Fiducuenta\u0027]};ValidateSelect.java","projectKey":"","annotatedResult":"ERROR","sessionId":"32446d246d0c0fe966ed00d66b50aeb0","driver":"chrome","manual":false,"testSource":"Cucumber","actors":[{"name":"Camila","can":["browse the web"]}],"result":"ERROR"}